{"experiment": "tablet-base64", "treatment": "no-encode", "value": 2636}
{"experiment": "tablet-base64", "treatment": "no-encode", "value": 72}
{"experiment": "tablet-base64", "treatment": "no-encode", "value": 4693}
{"experiment": "tablet-base64", "treatment": "no-encode", "value": 2840}
{"experiment": "tablet-base64", "treatment": "no-encode", "value": 3494}
{"experiment": "tablet-base64", "treatment": "no-encode", "value": 1976}
{"experiment": "tablet-base64", "treatment": "no-encode", "value": 1762}
{"experiment": "tablet-base64", "treatment": "no-encode", "value": 4759}
{"experiment": "tablet-base64", "treatment": "no-encode", "value": 343}
{"experiment": "tablet-base64", "treatment": "no-encode", "value": 2966}
{"experiment": "tablet-base64", "treatment": "no-encode", "value": 1718}
{"experiment": "tablet-base64", "treatment": "no-encode", "value": 4201}
{"experiment": "tablet-base64", "treatment": "no-encode", "value": 2298}
{"experiment": "tablet-base64", "treatment": "no-encode", "value": 4633}
{"experiment": "tablet-base64", "treatment": "no-encode", "value": 2974}
{"experiment": "tablet-base64", "treatment": "no-encode", "value": 2293}
{"experiment": "tablet-base64", "treatment": "no-encode", "value": 2050}
{"experiment": "tablet-base64", "treatment": "no-encode", "value": 2728}
{"experiment": "tablet-base64", "treatment": "no-encode", "value": 2101}
{"experiment": "tablet-base64", "treatment": "no-encode", "value": 3824}
{"experiment": "tablet-base64", "treatment": "no-encode", "value": 4295}
{"experiment": "tablet-base64", "treatment": "no-encode", "value": 3794}
{"experiment": "tablet-base64", "treatment": "no-encode", "value": 3059}
{"experiment": "tablet-base64", "treatment": "no-encode", "value": 2141}
{"experiment": "tablet-base64", "treatment": "no-encode", "value": 2555}
{"experiment": "tablet-base64", "treatment": "no-encode", "value": 716}
{"experiment": "tablet-base64", "treatment": "no-encode", "value": 3699}
{"experiment": "tablet-base64", "treatment": "no-encode", "value": 374}
{"experiment": "tablet-base64", "treatment": "no-encode", "value": 4026}
{"experiment": "tablet-base64", "treatment": "no-encode", "value": 694}
{"experiment": "tablet-base64", "treatment": "no-encode", "value": 4609}
{"experiment": "tablet-base64", "treatment": "no-encode", "value": 986}
{"experiment": "tablet-base64", "treatment": "no-encode", "value": 4417}
{"experiment": "tablet-base64", "treatment": "no-encode", "value": 4765}
{"experiment": "tablet-base64", "treatment": "no-encode", "value": 3813}
{"experiment": "tablet-base64", "treatment": "no-encode", "value": 863}
{"experiment": "tablet-base64", "treatment": "no-encode", "value": 1862}
{"experiment": "tablet-base64", "treatment": "no-encode", "value": 4325}
{"experiment": "tablet-base64", "treatment": "no-encode", "value": 2452}
{"experiment": "tablet-base64", "treatment": "no-encode", "value": 3195}
{"experiment": "tablet-base64", "treatment": "no-encode", "value": 3076}
{"experiment": "tablet-base64", "treatment": "no-encode", "value": 1474}
{"experiment": "tablet-base64", "treatment": "no-encode", "value": 111}
{"experiment": "tablet-base64", "treatment": "no-encode", "value": 2925}
{"experiment": "tablet-base64", "treatment": "no-encode", "value": 4113}
{"experiment": "tablet-base64", "treatment": "no-encode", "value": 3139}
{"experiment": "tablet-base64", "treatment": "no-encode", "value": 4844}
{"experiment": "tablet-base64", "treatment": "no-encode", "value": 4240}
{"experiment": "tablet-base64", "treatment": "no-encode", "value": 4933}
{"experiment": "tablet-base64", "treatment": "no-encode", "value": 4430}
{"experiment": "tablet-base64", "treatment": "no-encode", "value": 4110}
{"experiment": "tablet-base64", "treatment": "no-encode", "value": 2853}
{"experiment": "phone-base64", "treatment": "no-encode", "value": 123 }
{"experiment": "phone-base64", "treatment": "no-encode", "value": 345 }
{"experiment": "phone-base64", "treatment": "no-encode", "value": 21 }
{"experiment": "phone-base64", "treatment": "no-encode", "value": 09123 }
{"experiment": "phone-base64", "treatment": "no-encode", "value": 812 }
{"experiment": "phone-base64", "treatment": "no-encode", "value": 112 }
{"experiment": "phone-base64", "treatment": "no-encode", "value": 112 }
{"experiment": "phone-base64", "treatment": "no-encode", "value": 112 }
{"experiment": "phone-base64", "treatment": "no-encode", "value": 112 }
{"experiment": "phone-base64", "treatment": "no-encode", "value": 112 }
{"experiment": "phone-base64", "treatment": "no-encode", "value": 112 }
{"experiment": "phone-base64", "treatment": "no-encode", "value": 112 }
{"experiment": "phone-base64", "treatment": "no-encode", "value": 112 }
{"experiment": "phone-base64", "treatment": "no-encode", "value": 112 }
{"experiment": "phone-base64", "treatment": "no-encode", "value": 112 }
{"experiment": "phone-base64", "treatment": "no-encode", "value": 112 }
{"experiment": "phone-base64", "treatment": "no-encode", "value": 112 }
{"experiment": "phone-base64", "treatment": "no-encode", "value": 184}
{"experiment": "phone-base64", "treatment": "no-encode", "value": 343}
{"experiment": "phone-base64", "treatment": "no-encode", "value": 745}
{"experiment": "phone-base64", "treatment": "no-encode", "value": 316}
{"experiment": "phone-base64", "treatment": "no-encode", "value": 380}
{"experiment": "phone-base64", "treatment": "no-encode", "value": 685}
{"experiment": "phone-base64", "treatment": "no-encode", "value": 872}
{"experiment": "phone-base64", "treatment": "no-encode", "value": 301}
{"experiment": "phone-base64", "treatment": "no-encode", "value": 654}
{"experiment": "phone-base64", "treatment": "no-encode", "value": 882}
{"experiment": "phone-base64", "treatment": "no-encode", "value": 782}
{"experiment": "phone-base64", "treatment": "no-encode", "value": 146}
{"experiment": "phone-base64", "treatment": "no-encode", "value": 546}
{"experiment": "phone-base64", "treatment": "no-encode", "value": 660}
{"experiment": "phone-base64", "treatment": "no-encode", "value": 732}
{"experiment": "phone-base64", "treatment": "no-encode", "value": 130}
{"experiment": "phone-base64", "treatment": "no-encode", "value": 635}
{"experiment": "phone-base64", "treatment": "no-encode", "value": 875}
{"experiment": "phone-base64", "treatment": "no-encode", "value": 706}
{"experiment": "phone-base64", "treatment": "no-encode", "value": 314}
{"experiment": "phone-base64", "treatment": "no-encode", "value": 757}
{"experiment": "phone-base64", "treatment": "no-encode", "value": 287}
{"experiment": "phone-base64", "treatment": "no-encode", "value": 28}
{"experiment": "phone-base64", "treatment": "no-encode", "value": 977}
{"experiment": "phone-base64", "treatment": "no-encode", "value": 955}
{"experiment": "phone-base64", "treatment": "no-encode", "value": 990}
{"experiment": "phone-base64", "treatment": "no-encode", "value": 134}
{"experiment": "phone-base64", "treatment": "no-encode", "value": 1}
{"experiment": "phone-base64", "treatment": "no-encode", "value": 122}
{"experiment": "phone-base64", "treatment": "no-encode", "value": 177}
{"experiment": "phone-base64", "treatment": "no-encode", "value": 141}
{"experiment": "phone-base64", "treatment": "no-encode", "value": 983}
{"experiment": "phone-base64", "treatment": "no-encode", "value": 957}
{"experiment": "phone-base64", "treatment": "no-encode", "value": 643}
{"experiment": "phone-base64", "treatment": "no-encode", "value": 342}
{"experiment": "phone-base64", "treatment": "no-encode", "value": 38}
{"experiment": "phone-base64", "treatment": "no-encode", "value": 427}
{"experiment": "phone-base64", "treatment": "no-encode", "value": 223}
{"experiment": "phone-base64", "treatment": "no-encode", "value": 261}
{"experiment": "phone-base64", "treatment": "no-encode", "value": 901}
{"experiment": "phone-base64", "treatment": "no-encode", "value": 727}
{"experiment": "phone-base64", "treatment": "no-encode", "value": 384}
{"experiment": "phone-base64", "treatment": "no-encode", "value": 682}
{"experiment": "phone-base64", "treatment": "no-encode", "value": 870}
{"experiment": "phone-base64", "treatment": "no-encode", "value": 159}
{"experiment": "phone-base64", "treatment": "no-encode", "value": 838}
{"experiment": "phone-base64", "treatment": "no-encode", "value": 29}
{"experiment": "phone-base64", "treatment": "no-encode", "value": 271}
{"experiment": "phone-base64", "treatment": "no-encode", "value": 892}
{"experiment": "phone-base64", "treatment": "no-encode", "value": 896}
{"experiment": "phone-base64", "treatment": "no-encode", "value": 173}
{"experiment": "phone-base64", "treatment": "no-encode", "value": 371}
{"experiment": "desktop-base64", "treatment": "no-encode", "value": 901}
{"experiment": "desktop-base64", "treatment": "no-encode", "value": 386}
{"experiment": "desktop-base64", "treatment": "no-encode", "value": 717}
{"experiment": "desktop-base64", "treatment": "no-encode", "value": 150}
{"experiment": "desktop-base64", "treatment": "no-encode", "value": 879}
{"experiment": "desktop-base64", "treatment": "no-encode", "value": 727}
{"experiment": "desktop-base64", "treatment": "no-encode", "value": 811}
{"experiment": "desktop-base64", "treatment": "no-encode", "value": 252}
{"experiment": "desktop-base64", "treatment": "no-encode", "value": 333}
{"experiment": "desktop-base64", "treatment": "no-encode", "value": 290}
{"experiment": "desktop-base64", "treatment": "no-encode", "value": 17}
{"experiment": "desktop-base64", "treatment": "no-encode", "value": 299}
{"experiment": "desktop-base64", "treatment": "no-encode", "value": 716}
{"experiment": "desktop-base64", "treatment": "no-encode", "value": 734}
{"experiment": "desktop-base64", "treatment": "no-encode", "value": 751}
{"experiment": "desktop-base64", "treatment": "no-encode", "value": 697}
{"experiment": "desktop-base64", "treatment": "no-encode", "value": 796}
{"experiment": "desktop-base64", "treatment": "no-encode", "value": 427}
{"experiment": "desktop-base64", "treatment": "no-encode", "value": 693}
{"experiment": "desktop-base64", "treatment": "no-encode", "value": 723}
{"experiment": "desktop-base64", "treatment": "no-encode", "value": 804}
{"experiment": "desktop-base64", "treatment": "no-encode", "value": 873}
{"experiment": "desktop-base64", "treatment": "no-encode", "value": 311}
{"experiment": "desktop-base64", "treatment": "no-encode", "value": 667}
{"experiment": "desktop-base64", "treatment": "no-encode", "value": 431}
{"experiment": "desktop-base64", "treatment": "no-encode", "value": 536}
{"experiment": "desktop-base64", "treatment": "no-encode", "value": 346}
{"experiment": "desktop-base64", "treatment": "no-encode", "value": 881}
{"experiment": "desktop-base64", "treatment": "no-encode", "value": 771}
{"experiment": "desktop-base64", "treatment": "no-encode", "value": 989}
{"experiment": "desktop-base64", "treatment": "no-encode", "value": 651}
{"experiment": "desktop-base64", "treatment": "no-encode", "value": 7}
{"experiment": "desktop-base64", "treatment": "no-encode", "value": 309}
{"experiment": "desktop-base64", "treatment": "no-encode", "value": 202}
{"experiment": "desktop-base64", "treatment": "no-encode", "value": 112}
{"experiment": "desktop-base64", "treatment": "no-encode", "value": 20}
{"experiment": "desktop-base64", "treatment": "no-encode", "value": 411}
{"experiment": "desktop-base64", "treatment": "no-encode", "value": 491}
{"experiment": "desktop-base64", "treatment": "no-encode", "value": 10}
{"experiment": "desktop-base64", "treatment": "no-encode", "value": 91}
{"experiment": "desktop-base64", "treatment": "no-encode", "value": 740}
{"experiment": "desktop-base64", "treatment": "no-encode", "value": 427}
{"experiment": "desktop-base64", "treatment": "no-encode", "value": 941}
{"experiment": "desktop-base64", "treatment": "no-encode", "value": 662}
{"experiment": "desktop-base64", "treatment": "no-encode", "value": 974}
{"experiment": "desktop-base64", "treatment": "no-encode", "value": 607}
{"experiment": "desktop-base64", "treatment": "no-encode", "value": 43}
{"experiment": "desktop-base64", "treatment": "no-encode", "value": 804}
{"experiment": "desktop-base64", "treatment": "no-encode", "value": 86}
{"experiment": "desktop-base64", "treatment": "no-encode", "value": 652}
{"experiment": "desktop-base64", "treatment": "no-encode", "value": 63}
{"experiment": "desktop-base64", "treatment": "no-encode", "value": 470}
{"experiment": "desktop-base64", "treatment": "no-encode", "value": 698}
{"experiment": "desktop-base64", "treatment": "no-encode", "value": 29}
{"experiment": "desktop-base64", "treatment": "no-encode", "value": 587}
{"experiment": "desktop-base64", "treatment": "no-encode", "value": 112}
{"experiment": "desktop-base64", "treatment": "no-encode", "value": 124}
{"experiment": "desktop-base64", "treatment": "no-encode", "value": 399}
{"experiment": "desktop-base64", "treatment": "no-encode", "value": 865}
{"experiment": "desktop-base64", "treatment": "no-encode", "value": 563}
{"experiment": "desktop-base64", "treatment": "no-encode", "value": 812}
{"experiment": "desktop-base64", "treatment": "no-encode", "value": 205}
{"experiment": "desktop-base64", "treatment": "no-encode", "value": 258}
{"experiment": "desktop-base64", "treatment": "no-encode", "value": 601}
{"experiment": "desktop-base64", "treatment": "no-encode", "value": 920}
{"experiment": "desktop-base64", "treatment": "no-encode", "value": 818}
{"experiment": "desktop-base64", "treatment": "no-encode", "value": 294}
{"experiment": "desktop-base64", "treatment": "no-encode", "value": 60}
{"experiment": "desktop-base64", "treatment": "no-encode", "value": 297}
{"experiment": "desktop-base64", "treatment": "no-encode", "value": 430}
{"experiment": "desktop-base64", "treatment": "no-encode", "value": 887}
{"experiment": "desktop-base64", "treatment": "no-encode", "value": 339}
{"experiment": "desktop-base64", "treatment": "no-encode", "value": 262}
{"experiment": "desktop-base64", "treatment": "no-encode", "value": 16}
{"experiment": "desktop-base64", "treatment": "no-encode", "value": 717}
{"experiment": "desktop-base64", "treatment": "no-encode", "value": 594}
{"experiment": "desktop-base64", "treatment": "no-encode", "value": 750}
{"experiment": "desktop-base64", "treatment": "no-encode", "value": 305}
{"experiment": "desktop-base64", "treatment": "no-encode", "value": 713}
{"experiment": "desktop-base64", "treatment": "no-encode", "value": 808}
{"experiment": "desktop-base64", "treatment": "no-encode", "value": 114}
{"experiment": "desktop-base64", "treatment": "no-encode", "value": 78}
{"experiment": "desktop-base64", "treatment": "no-encode", "value": 702}
{"experiment": "desktop-base64", "treatment": "no-encode", "value": 488}
{"experiment": "desktop-base64", "treatment": "no-encode", "value": 404}
{"experiment": "desktop-base64", "treatment": "no-encode", "value": 338}
{"experiment": "desktop-base64", "treatment": "no-encode", "value": 881}
{"experiment": "desktop-base64", "treatment": "no-encode", "value": 967}
{"experiment": "desktop-base64", "treatment": "no-encode", "value": 599}
{"experiment": "desktop-base64", "treatment": "no-encode", "value": 503}
{"experiment": "desktop-base64", "treatment": "no-encode", "value": 514}
{"experiment": "desktop-base64", "treatment": "no-encode", "value": 3}
{"experiment": "desktop-base64", "treatment": "no-encode", "value": 78}
{"experiment": "desktop-base64", "treatment": "no-encode", "value": 474}
{"experiment": "desktop-base64", "treatment": "no-encode", "value": 881}
{"experiment": "desktop-base64", "treatment": "no-encode", "value": 570}
{"experiment": "desktop-base64", "treatment": "no-encode", "value": 27}
{"experiment": "desktop-base64", "treatment": "no-encode", "value": 132}
{"experiment": "desktop-base64", "treatment": "no-encode", "value": 623}
{"experiment": "desktop-base64", "treatment": "no-encode", "value": 379}
{"experiment": "desktop-base64", "treatment": "no-encode", "value": 819}
{"experiment": "desktop-base64", "treatment": "no-encode", "value": 212}
{"experiment": "desktop-base64", "treatment": "no-encode", "value": 700}
{"experiment": "desktop-base64", "treatment": "no-encode", "value": 916}
{"experiment": "desktop-base64", "treatment": "no-encode", "value": 570}
{"experiment": "desktop-base64", "treatment": "no-encode", "value": 117}
{"experiment": "desktop-base64", "treatment": "no-encode", "value": 940}
{"experiment": "desktop-base64", "treatment": "no-encode", "value": 467}
{"experiment": "desktop-base64", "treatment": "no-encode", "value": 193}
{"experiment": "desktop-base64", "treatment": "no-encode", "value": 989}
{"experiment": "desktop-base64", "treatment": "no-encode", "value": 55}
{"experiment": "desktop-base64", "treatment": "no-encode", "value": 430}
{"experiment": "desktop-base64", "treatment": "no-encode", "value": 823}
{"experiment": "desktop-base64", "treatment": "no-encode", "value": 367}
{"experiment": "desktop-base64", "treatment": "no-encode", "value": 808}
{"experiment": "desktop-base64", "treatment": "no-encode", "value": 664}
{"experiment": "desktop-base64", "treatment": "no-encode", "value": 884}
{"experiment": "desktop-base64", "treatment": "no-encode", "value": 609}
{"experiment": "desktop-base64", "treatment": "no-encode", "value": 14}
{"experiment": "desktop-base64", "treatment": "no-encode", "value": 141}
{"experiment": "desktop-base64", "treatment": "no-encode", "value": 439}
{"experiment": "desktop-base64", "treatment": "no-encode", "value": 610}
{"experiment": "desktop-base64", "treatment": "no-encode", "value": 285}
{"experiment": "desktop-base64", "treatment": "no-encode", "value": 345}
{"experiment": "desktop-base64", "treatment": "no-encode", "value": 151}
{"experiment": "desktop-base64", "treatment": "no-encode", "value": 951}
{"experiment": "desktop-base64", "treatment": "no-encode", "value": 948}
{"experiment": "desktop-base64", "treatment": "no-encode", "value": 964}
{"experiment": "desktop-base64", "treatment": "no-encode", "value": 95}
{"experiment": "desktop-base64", "treatment": "no-encode", "value": 937}
{"experiment": "desktop-base64", "treatment": "no-encode", "value": 574}
{"experiment": "desktop-base64", "treatment": "no-encode", "value": 147}
{"experiment": "desktop-base64", "treatment": "no-encode", "value": 784}
{"experiment": "desktop-base64", "treatment": "no-encode", "value": 502}
{"experiment": "desktop-base64", "treatment": "no-encode", "value": 935}
{"experiment": "desktop-base64", "treatment": "no-encode", "value": 325}
{"experiment": "desktop-base64", "treatment": "no-encode", "value": 244}
{"experiment": "desktop-base64", "treatment": "no-encode", "value": 305}
{"experiment": "desktop-base64", "treatment": "no-encode", "value": 881}
{"experiment": "desktop-base64", "treatment": "no-encode", "value": 495}
{"experiment": "desktop-base64", "treatment": "no-encode", "value": 348}
{"experiment": "desktop-base64", "treatment": "no-encode", "value": 359}
{"experiment": "desktop-base64", "treatment": "no-encode", "value": 663}
{"experiment": "desktop-base64", "treatment": "no-encode", "value": 874}
{"experiment": "desktop-base64", "treatment": "no-encode", "value": 324}
{"experiment": "desktop-base64", "treatment": "no-encode", "value": 819}
{"experiment": "desktop-base64", "treatment": "no-encode", "value": 839}
{"experiment": "desktop-base64", "treatment": "no-encode", "value": 941}
{"experiment": "desktop-base64", "treatment": "no-encode", "value": 558}
{"experiment": "desktop-base64", "treatment": "no-encode", "value": 387}
{"experiment": "desktop-base64", "treatment": "no-encode", "value": 181}
{"experiment": "desktop-base64", "treatment": "no-encode", "value": 239}
{"experiment": "desktop-base64", "treatment": "no-encode", "value": 853}
{"experiment": "desktop-base64", "treatment": "no-encode", "value": 68}
{"experiment": "desktop-base64", "treatment": "no-encode", "value": 416}
{"experiment": "desktop-base64", "treatment": "no-encode", "value": 830}
{"experiment": "desktop-base64", "treatment": "no-encode", "value": 118}
{"experiment": "desktop-base64", "treatment": "no-encode", "value": 189}
{"experiment": "desktop-base64", "treatment": "no-encode", "value": 687}
{"experiment": "desktop-base64", "treatment": "no-encode", "value": 61}
{"experiment": "desktop-base64", "treatment": "no-encode", "value": 764}
{"experiment": "desktop-base64", "treatment": "no-encode", "value": 871}
{"experiment": "desktop-base64", "treatment": "no-encode", "value": 301}
{"experiment": "desktop-base64", "treatment": "no-encode", "value": 156}
{"experiment": "desktop-base64", "treatment": "no-encode", "value": 685}
{"experiment": "desktop-base64", "treatment": "no-encode", "value": 785}
{"experiment": "desktop-base64", "treatment": "no-encode", "value": 854}
{"experiment": "desktop-base64", "treatment": "no-encode", "value": 67}
{"experiment": "desktop-base64", "treatment": "no-encode", "value": 571}
{"experiment": "desktop-base64", "treatment": "no-encode", "value": 408}
{"experiment": "desktop-base64", "treatment": "no-encode", "value": 891}
{"experiment": "desktop-base64", "treatment": "no-encode", "value": 102}
{"experiment": "desktop-base64", "treatment": "no-encode", "value": 23}
{"experiment": "desktop-base64", "treatment": "no-encode", "value": 896}
{"experiment": "desktop-base64", "treatment": "no-encode", "value": 405}
{"experiment": "desktop-base64", "treatment": "no-encode", "value": 937}
{"experiment": "desktop-base64", "treatment": "no-encode", "value": 366}
{"experiment": "desktop-base64", "treatment": "no-encode", "value": 78}
{"experiment": "desktop-base64", "treatment": "no-encode", "value": 983}
{"experiment": "desktop-base64", "treatment": "no-encode", "value": 165}
{"experiment": "desktop-base64", "treatment": "no-encode", "value": 351}
{"experiment": "desktop-base64", "treatment": "no-encode", "value": 496}
{"experiment": "desktop-base64", "treatment": "no-encode", "value": 884}
{"experiment": "desktop-base64", "treatment": "no-encode", "value": 799}
{"experiment": "desktop-base64", "treatment": "no-encode", "value": 471}
{"experiment": "desktop-base64", "treatment": "no-encode", "value": 638}
{"experiment": "desktop-base64", "treatment": "no-encode", "value": 430}
{"experiment": "desktop-base64", "treatment": "no-encode", "value": 335}
{"experiment": "desktop-base64", "treatment": "no-encode", "value": 327}
{"experiment": "desktop-base64", "treatment": "no-encode", "value": 472}
{"experiment": "desktop-base64", "treatment": "no-encode", "value": 526}
{"experiment": "desktop-base64", "treatment": "no-encode", "value": 913}
{"experiment": "desktop-base64", "treatment": "no-encode", "value": 20}
{"experiment": "desktop-base64", "treatment": "no-encode", "value": 871}
{"experiment": "desktop-base64", "treatment": "no-encode", "value": 893}
{"experiment": "desktop-base64", "treatment": "no-encode", "value": 97}
{"experiment": "desktop-base64", "treatment": "no-encode", "value": 468}
{"experiment": "desktop-base64", "treatment": "no-encode", "value": 62}
{"experiment": "desktop-base64", "treatment": "no-encode", "value": 61}
{"experiment": "desktop-base64", "treatment": "no-encode", "value": 2}
{"experiment": "phone-base64", "treatment": "no-encode", "value": 863}
{"experiment": "phone-base64", "treatment": "no-encode", "value": 2}
{"experiment": "phone-base64", "treatment": "no-encode", "value": 25}
{"experiment": "phone-base64", "treatment": "no-encode", "value": 526}
{"experiment": "phone-base64", "treatment": "no-encode", "value": 93}
{"experiment": "phone-base64", "treatment": "no-encode", "value": 174}
{"experiment": "phone-base64", "treatment": "no-encode", "value": 262}
{"experiment": "phone-base64", "treatment": "no-encode", "value": 528}
{"experiment": "phone-base64", "treatment": "no-encode", "value": 338}
{"experiment": "phone-base64", "treatment": "no-encode", "value": 460}
{"experiment": "phone-base64", "treatment": "no-encode", "value": 519}
{"experiment": "phone-base64", "treatment": "no-encode", "value": 224}
{"experiment": "phone-base64", "treatment": "no-encode", "value": 656}
{"experiment": "phone-base64", "treatment": "no-encode", "value": 733}
{"experiment": "phone-base64", "treatment": "no-encode", "value": 741}
{"experiment": "phone-base64", "treatment": "no-encode", "value": 93}
{"experiment": "phone-base64", "treatment": "no-encode", "value": 509}
{"experiment": "phone-base64", "treatment": "no-encode", "value": 288}
{"experiment": "phone-base64", "treatment": "no-encode", "value": 724}
{"experiment": "phone-base64", "treatment": "no-encode", "value": 229}
{"experiment": "phone-base64", "treatment": "no-encode", "value": 160}
{"experiment": "phone-base64", "treatment": "no-encode", "value": 940}
{"experiment": "phone-base64", "treatment": "no-encode", "value": 747}
{"experiment": "phone-base64", "treatment": "no-encode", "value": 665}
{"experiment": "phone-base64", "treatment": "no-encode", "value": 271}
{"experiment": "phone-base64", "treatment": "no-encode", "value": 149}
{"experiment": "phone-base64", "treatment": "no-encode", "value": 331}
{"experiment": "phone-base64", "treatment": "no-encode", "value": 15}
{"experiment": "phone-base64", "treatment": "no-encode", "value": 645}
{"experiment": "phone-base64", "treatment": "no-encode", "value": 12}
{"experiment": "phone-base64", "treatment": "no-encode", "value": 269}
{"experiment": "phone-base64", "treatment": "no-encode", "value": 243}
{"experiment": "phone-base64", "treatment": "no-encode", "value": 744}
{"experiment": "phone-base64", "treatment": "no-encode", "value": 321}
{"experiment": "phone-base64", "treatment": "no-encode", "value": 977}
{"experiment": "phone-base64", "treatment": "no-encode", "value": 977}
{"experiment": "phone-base64", "treatment": "no-encode", "value": 117}
{"experiment": "phone-base64", "treatment": "no-encode", "value": 10}
{"experiment": "phone-base64", "treatment": "no-encode", "value": 508}
{"experiment": "phone-base64", "treatment": "no-encode", "value": 647}
{"experiment": "phone-base64", "treatment": "no-encode", "value": 865}
{"experiment": "phone-base64", "treatment": "no-encode", "value": 203}
{"experiment": "phone-base64", "treatment": "no-encode", "value": 659}
{"experiment": "phone-base64", "treatment": "no-encode", "value": 573}
{"experiment": "phone-base64", "treatment": "no-encode", "value": 536}
{"experiment": "phone-base64", "treatment": "no-encode", "value": 902}
{"experiment": "phone-base64", "treatment": "no-encode", "value": 178}
{"experiment": "phone-base64", "treatment": "no-encode", "value": 872}
{"experiment": "phone-base64", "treatment": "no-encode", "value": 286}
{"experiment": "phone-base64", "treatment": "no-encode", "value": 189}
{"experiment": "phone-base64", "treatment": "no-encode", "value": 108}
{"experiment": "phone-base64", "treatment": "no-encode", "value": 337}
{"experiment": "phone-base64", "treatment": "no-encode", "value": 264}
{"experiment": "phone-base64", "treatment": "no-encode", "value": 599}
{"experiment": "phone-base64", "treatment": "no-encode", "value": 34}
{"experiment": "phone-base64", "treatment": "no-encode", "value": 950}
{"experiment": "phone-base64", "treatment": "no-encode", "value": 165}
{"experiment": "phone-base64", "treatment": "no-encode", "value": 499}
{"experiment": "phone-base64", "treatment": "no-encode", "value": 631}
{"experiment": "phone-base64", "treatment": "no-encode", "value": 157}
{"experiment": "phone-base64", "treatment": "no-encode", "value": 928}
{"experiment": "phone-base64", "treatment": "no-encode", "value": 559}
{"experiment": "phone-base64", "treatment": "no-encode", "value": 469}
{"experiment": "phone-base64", "treatment": "no-encode", "value": 79}
{"experiment": "phone-base64", "treatment": "no-encode", "value": 929}
{"experiment": "phone-base64", "treatment": "no-encode", "value": 423}
{"experiment": "phone-base64", "treatment": "no-encode", "value": 232}
{"experiment": "phone-base64", "treatment": "no-encode", "value": 941}
{"experiment": "phone-base64", "treatment": "no-encode", "value": 906}
{"experiment": "phone-base64", "treatment": "no-encode", "value": 426}
{"experiment": "phone-base64", "treatment": "no-encode", "value": 250}
{"experiment": "phone-base64", "treatment": "no-encode", "value": 887}
{"experiment": "phone-base64", "treatment": "no-encode", "value": 637}
{"experiment": "phone-base64", "treatment": "no-encode", "value": 793}
{"experiment": "phone-base64", "treatment": "no-encode", "value": 171}
{"experiment": "phone-base64", "treatment": "no-encode", "value": 338}
{"experiment": "phone-base64", "treatment": "no-encode", "value": 293}
{"experiment": "phone-base64", "treatment": "no-encode", "value": 150}
{"experiment": "phone-base64", "treatment": "no-encode", "value": 139}
{"experiment": "phone-base64", "treatment": "no-encode", "value": 45}
{"experiment": "phone-base64", "treatment": "no-encode", "value": 850}
{"experiment": "phone-base64", "treatment": "no-encode", "value": 691}
{"experiment": "phone-base64", "treatment": "no-encode", "value": 692}
{"experiment": "phone-base64", "treatment": "no-encode", "value": 813}
{"experiment": "phone-base64", "treatment": "no-encode", "value": 606}
{"experiment": "phone-base64", "treatment": "no-encode", "value": 16}
{"experiment": "phone-base64", "treatment": "no-encode", "value": 854}
{"experiment": "phone-base64", "treatment": "no-encode", "value": 494}
{"experiment": "phone-base64", "treatment": "no-encode", "value": 892}
{"experiment": "phone-base64", "treatment": "no-encode", "value": 953}
{"experiment": "phone-base64", "treatment": "no-encode", "value": 838}
{"experiment": "phone-base64", "treatment": "no-encode", "value": 604}
{"experiment": "phone-base64", "treatment": "no-encode", "value": 955}
{"experiment": "phone-base64", "treatment": "no-encode", "value": 398}
{"experiment": "phone-base64", "treatment": "no-encode", "value": 606}
{"experiment": "phone-base64", "treatment": "no-encode", "value": 248}
{"experiment": "phone-base64", "treatment": "no-encode", "value": 305}
{"experiment": "phone-base64", "treatment": "no-encode", "value": 39}
{"experiment": "phone-base64", "treatment": "no-encode", "value": 962}
{"experiment": "phone-base64", "treatment": "no-encode", "value": 845}
{"experiment": "phone-base64", "treatment": "no-encode", "value": 396}
{"experiment": "phone-base64", "treatment": "no-encode", "value": 122}
{"experiment": "phone-base64", "treatment": "no-encode", "value": 362}
{"experiment": "phone-base64", "treatment": "no-encode", "value": 873}
{"experiment": "phone-base64", "treatment": "no-encode", "value": 81}
{"experiment": "phone-base64", "treatment": "no-encode", "value": 153}
{"experiment": "phone-base64", "treatment": "no-encode", "value": 717}
{"experiment": "phone-base64", "treatment": "no-encode", "value": 891}
{"experiment": "phone-base64", "treatment": "no-encode", "value": 420}
{"experiment": "phone-base64", "treatment": "no-encode", "value": 757}
{"experiment": "phone-base64", "treatment": "no-encode", "value": 536}
{"experiment": "phone-base64", "treatment": "no-encode", "value": 971}
{"experiment": "phone-base64", "treatment": "no-encode", "value": 313}
{"experiment": "phone-base64", "treatment": "no-encode", "value": 63}
{"experiment": "phone-base64", "treatment": "no-encode", "value": 383}
{"experiment": "phone-base64", "treatment": "no-encode", "value": 212}
{"experiment": "phone-base64", "treatment": "no-encode", "value": 97}
{"experiment": "phone-base64", "treatment": "no-encode", "value": 121}
{"experiment": "phone-base64", "treatment": "no-encode", "value": 129}
{"experiment": "phone-base64", "treatment": "no-encode", "value": 657}
{"experiment": "phone-base64", "treatment": "no-encode", "value": 666}
{"experiment": "phone-base64", "treatment": "no-encode", "value": 857}
{"experiment": "phone-base64", "treatment": "no-encode", "value": 548}
{"experiment": "phone-base64", "treatment": "no-encode", "value": 124}
{"experiment": "phone-base64", "treatment": "no-encode", "value": 722}
{"experiment": "phone-base64", "treatment": "no-encode", "value": 654}
{"experiment": "phone-base64", "treatment": "no-encode", "value": 784}
{"experiment": "phone-base64", "treatment": "no-encode", "value": 584}
{"experiment": "phone-base64", "treatment": "no-encode", "value": 327}
{"experiment": "phone-base64", "treatment": "no-encode", "value": 475}
{"experiment": "phone-base64", "treatment": "no-encode", "value": 649}
{"experiment": "phone-base64", "treatment": "no-encode", "value": 831}
{"experiment": "phone-base64", "treatment": "no-encode", "value": 158}
{"experiment": "phone-base64", "treatment": "no-encode", "value": 980}
{"experiment": "phone-base64", "treatment": "no-encode", "value": 834}
{"experiment": "phone-base64", "treatment": "no-encode", "value": 707}
{"experiment": "phone-base64", "treatment": "no-encode", "value": 498}
{"experiment": "phone-base64", "treatment": "no-encode", "value": 263}
{"experiment": "phone-base64", "treatment": "no-encode", "value": 291}
{"experiment": "phone-base64", "treatment": "no-encode", "value": 15}
{"experiment": "phone-base64", "treatment": "no-encode", "value": 500}
{"experiment": "phone-base64", "treatment": "no-encode", "value": 624}
{"experiment": "phone-base64", "treatment": "no-encode", "value": 442}
{"experiment": "phone-base64", "treatment": "no-encode", "value": 464}
{"experiment": "phone-base64", "treatment": "no-encode", "value": 563}
{"experiment": "phone-base64", "treatment": "no-encode", "value": 40}
{"experiment": "phone-base64", "treatment": "no-encode", "value": 72}
{"experiment": "phone-base64", "treatment": "no-encode", "value": 320}
{"experiment": "phone-base64", "treatment": "no-encode", "value": 876}
{"experiment": "phone-base64", "treatment": "no-encode", "value": 62}
{"experiment": "phone-base64", "treatment": "no-encode", "value": 490}
{"experiment": "phone-base64", "treatment": "no-encode", "value": 851}
{"experiment": "phone-base64", "treatment": "no-encode", "value": 215}
{"experiment": "phone-base64", "treatment": "no-encode", "value": 464}
{"experiment": "phone-base64", "treatment": "no-encode", "value": 653}
{"experiment": "phone-base64", "treatment": "no-encode", "value": 184}
{"experiment": "phone-base64", "treatment": "no-encode", "value": 711}
{"experiment": "phone-base64", "treatment": "no-encode", "value": 27}
{"experiment": "phone-base64", "treatment": "no-encode", "value": 126}
{"experiment": "phone-base64", "treatment": "no-encode", "value": 36}
{"experiment": "phone-base64", "treatment": "no-encode", "value": 93}
{"experiment": "phone-base64", "treatment": "no-encode", "value": 531}
{"experiment": "phone-base64", "treatment": "no-encode", "value": 322}
{"experiment": "phone-base64", "treatment": "no-encode", "value": 782}
{"experiment": "phone-base64", "treatment": "no-encode", "value": 506}
{"experiment": "phone-base64", "treatment": "no-encode", "value": 29}
{"experiment": "phone-base64", "treatment": "no-encode", "value": 707}
{"experiment": "phone-base64", "treatment": "no-encode", "value": 144}
{"experiment": "phone-base64", "treatment": "no-encode", "value": 301}
{"experiment": "phone-base64", "treatment": "no-encode", "value": 526}
{"experiment": "phone-base64", "treatment": "no-encode", "value": 354}
{"experiment": "phone-base64", "treatment": "no-encode", "value": 572}
{"experiment": "phone-base64", "treatment": "no-encode", "value": 834}
{"experiment": "phone-base64", "treatment": "no-encode", "value": 248}
{"experiment": "phone-base64", "treatment": "no-encode", "value": 31}
{"experiment": "phone-base64", "treatment": "no-encode", "value": 267}
{"experiment": "phone-base64", "treatment": "no-encode", "value": 963}
{"experiment": "phone-base64", "treatment": "no-encode", "value": 774}
{"experiment": "phone-base64", "treatment": "no-encode", "value": 49}
{"experiment": "phone-base64", "treatment": "no-encode", "value": 930}
{"experiment": "phone-base64", "treatment": "no-encode", "value": 599}
{"experiment": "phone-base64", "treatment": "no-encode", "value": 546}
{"experiment": "phone-base64", "treatment": "no-encode", "value": 577}
{"experiment": "phone-base64", "treatment": "no-encode", "value": 197}
{"experiment": "phone-base64", "treatment": "no-encode", "value": 99}
{"experiment": "phone-base64", "treatment": "no-encode", "value": 90}
{"experiment": "phone-base64", "treatment": "no-encode", "value": 527}
{"experiment": "phone-base64", "treatment": "no-encode", "value": 80}
{"experiment": "phone-base64", "treatment": "no-encode", "value": 883}
{"experiment": "phone-base64", "treatment": "no-encode", "value": 251}
{"experiment": "phone-base64", "treatment": "no-encode", "value": 870}
{"experiment": "phone-base64", "treatment": "no-encode", "value": 538}
{"experiment": "phone-base64", "treatment": "no-encode", "value": 815}
{"experiment": "phone-base64", "treatment": "no-encode", "value": 727}
{"experiment": "phone-base64", "treatment": "no-encode", "value": 214}
{"experiment": "phone-base64", "treatment": "no-encode", "value": 222}
{"experiment": "phone-base64", "treatment": "no-encode", "value": 173}
{"experiment": "phone-base64", "treatment": "no-encode", "value": 645}
{"experiment": "phone-base64", "treatment": "no-encode", "value": 710}
{"experiment": "phone-base64", "treatment": "no-encode", "value": 333}
{"experiment": "phone-base64", "treatment": "no-encode", "value": 762}
{"experiment": "phone-base64", "treatment": "no-encode", "value": 988}
{"experiment": "phone-base64", "treatment": "no-encode", "value": 278}
{"experiment": "phone-base64", "treatment": "no-encode", "value": 564}
{"experiment": "phone-base64", "treatment": "no-encode", "value": 536}
{"experiment": "phone-base64", "treatment": "no-encode", "value": 826}
{"experiment": "phone-base64", "treatment": "no-encode", "value": 992}
{"experiment": "phone-base64", "treatment": "no-encode", "value": 765}
{"experiment": "phone-base64", "treatment": "no-encode", "value": 33}
{"experiment": "phone-base64", "treatment": "no-encode", "value": 471}
{"experiment": "phone-base64", "treatment": "no-encode", "value": 507}
{"experiment": "phone-base64", "treatment": "no-encode", "value": 699}
{"experiment": "phone-base64", "treatment": "no-encode", "value": 709}
{"experiment": "phone-base64", "treatment": "no-encode", "value": 42}
{"experiment": "phone-base64", "treatment": "no-encode", "value": 869}
{"experiment": "phone-base64", "treatment": "no-encode", "value": 758}
{"experiment": "phone-base64", "treatment": "no-encode", "value": 989}
{"experiment": "phone-base64", "treatment": "no-encode", "value": 619}
{"experiment": "phone-base64", "treatment": "no-encode", "value": 146}
{"experiment": "phone-base64", "treatment": "no-encode", "value": 931}
{"experiment": "phone-base64", "treatment": "no-encode", "value": 147}
{"experiment": "phone-base64", "treatment": "no-encode", "value": 436}
{"experiment": "phone-base64", "treatment": "no-encode", "value": 223}
{"experiment": "phone-base64", "treatment": "no-encode", "value": 637}
{"experiment": "phone-base64", "treatment": "no-encode", "value": 214}
{"experiment": "phone-base64", "treatment": "no-encode", "value": 597}
{"experiment": "phone-base64", "treatment": "no-encode", "value": 210}
{"experiment": "phone-base64", "treatment": "no-encode", "value": 533}
{"experiment": "phone-base64", "treatment": "no-encode", "value": 777}
{"experiment": "phone-base64", "treatment": "no-encode", "value": 222}
{"experiment": "phone-base64", "treatment": "no-encode", "value": 281}
{"experiment": "phone-base64", "treatment": "no-encode", "value": 756}
{"experiment": "phone-base64", "treatment": "no-encode", "value": 83}
{"experiment": "phone-base64", "treatment": "no-encode", "value": 257}
{"experiment": "phone-base64", "treatment": "no-encode", "value": 806}
{"experiment": "phone-base64", "treatment": "no-encode", "value": 719}
{"experiment": "phone-base64", "treatment": "no-encode", "value": 230}
{"experiment": "phone-base64", "treatment": "no-encode", "value": 246}
{"experiment": "phone-base64", "treatment": "no-encode", "value": 672}
{"experiment": "phone-base64", "treatment": "no-encode", "value": 777}
{"experiment": "phone-base64", "treatment": "no-encode", "value": 704}
{"experiment": "phone-base64", "treatment": "no-encode", "value": 622}
{"experiment": "phone-base64", "treatment": "no-encode", "value": 838}
{"experiment": "phone-base64", "treatment": "no-encode", "value": 776}
{"experiment": "phone-base64", "treatment": "no-encode", "value": 264}
{"experiment": "phone-base64", "treatment": "no-encode", "value": 418}
{"experiment": "phone-base64", "treatment": "no-encode", "value": 27}
{"experiment": "phone-base64", "treatment": "no-encode", "value": 817}
{"experiment": "phone-base64", "treatment": "no-encode", "value": 191}
{"experiment": "phone-base64", "treatment": "no-encode", "value": 978}
{"experiment": "phone-base64", "treatment": "no-encode", "value": 320}
{"experiment": "phone-base64", "treatment": "no-encode", "value": 895}
{"experiment": "phone-base64", "treatment": "no-encode", "value": 905}
{"experiment": "phone-base64", "treatment": "no-encode", "value": 721}
{"experiment": "phone-base64", "treatment": "no-encode", "value": 328}
{"experiment": "phone-base64", "treatment": "no-encode", "value": 874}
{"experiment": "phone-base64", "treatment": "no-encode", "value": 372}
{"experiment": "phone-base64", "treatment": "no-encode", "value": 697}
{"experiment": "phone-base64", "treatment": "no-encode", "value": 771}
{"experiment": "phone-base64", "treatment": "no-encode", "value": 314}
{"experiment": "phone-base64", "treatment": "no-encode", "value": 259}
{"experiment": "phone-base64", "treatment": "no-encode", "value": 439}
{"experiment": "phone-base64", "treatment": "no-encode", "value": 212}
{"experiment": "phone-base64", "treatment": "no-encode", "value": 372}
{"experiment": "phone-base64", "treatment": "no-encode", "value": 438}
{"experiment": "phone-base64", "treatment": "no-encode", "value": 865}
{"experiment": "phone-base64", "treatment": "no-encode", "value": 2}
{"experiment": "phone-base64", "treatment": "no-encode", "value": 30}
{"experiment": "phone-base64", "treatment": "no-encode", "value": 854}
{"experiment": "phone-base64", "treatment": "no-encode", "value": 75}
{"experiment": "phone-base64", "treatment": "no-encode", "value": 48}
{"experiment": "phone-base64", "treatment": "no-encode", "value": 627}
{"experiment": "phone-base64", "treatment": "no-encode", "value": 646}
{"experiment": "phone-base64", "treatment": "no-encode", "value": 3}
{"experiment": "phone-base64", "treatment": "no-encode", "value": 756}
{"experiment": "phone-base64", "treatment": "no-encode", "value": 156}
{"experiment": "phone-base64", "treatment": "no-encode", "value": 875}
{"experiment": "phone-base64", "treatment": "no-encode", "value": 438}
{"experiment": "phone-base64", "treatment": "no-encode", "value": 152}
{"experiment": "phone-base64", "treatment": "no-encode", "value": 781}
{"experiment": "phone-base64", "treatment": "no-encode", "value": 301}
{"experiment": "phone-base64", "treatment": "no-encode", "value": 947}
{"experiment": "phone-base64", "treatment": "no-encode", "value": 200}
{"experiment": "phone-base64", "treatment": "no-encode", "value": 243}
{"experiment": "phone-base64", "treatment": "no-encode", "value": 498}
{"experiment": "phone-base64", "treatment": "no-encode", "value": 170}
{"experiment": "phone-base64", "treatment": "no-encode", "value": 956}
{"experiment": "phone-base64", "treatment": "no-encode", "value": 317}
{"experiment": "phone-base64", "treatment": "no-encode", "value": 98}
{"experiment": "phone-base64", "treatment": "no-encode", "value": 592}
{"experiment": "phone-base64", "treatment": "no-encode", "value": 839}
{"experiment": "phone-base64", "treatment": "no-encode", "value": 953}
{"experiment": "phone-base64", "treatment": "no-encode", "value": 429}
{"experiment": "phone-base64", "treatment": "no-encode", "value": 445}
{"experiment": "phone-base64", "treatment": "no-encode", "value": 217}
{"experiment": "phone-base64", "treatment": "no-encode", "value": 766}
{"experiment": "phone-base64", "treatment": "no-encode", "value": 553}
{"experiment": "phone-base64", "treatment": "no-encode", "value": 194}
{"experiment": "phone-base64", "treatment": "no-encode", "value": 394}
{"experiment": "phone-base64", "treatment": "no-encode", "value": 358}
{"experiment": "phone-base64", "treatment": "no-encode", "value": 586}
{"experiment": "phone-base64", "treatment": "no-encode", "value": 736}
{"experiment": "phone-base64", "treatment": "no-encode", "value": 671}
{"experiment": "phone-base64", "treatment": "no-encode", "value": 74}
{"experiment": "phone-base64", "treatment": "no-encode", "value": 870}
{"experiment": "phone-base64", "treatment": "no-encode", "value": 555}
{"experiment": "phone-base64", "treatment": "no-encode", "value": 911}
{"experiment": "phone-base64", "treatment": "no-encode", "value": 612}
{"experiment": "phone-base64", "treatment": "no-encode", "value": 968}
{"experiment": "phone-base64", "treatment": "no-encode", "value": 16}
{"experiment": "phone-base64", "treatment": "no-encode", "value": 817}
{"experiment": "phone-base64", "treatment": "no-encode", "value": 286}
{"experiment": "phone-base64", "treatment": "no-encode", "value": 920}
{"experiment": "phone-base64", "treatment": "no-encode", "value": 284}
{"experiment": "phone-base64", "treatment": "no-encode", "value": 434}
{"experiment": "phone-base64", "treatment": "no-encode", "value": 703}
{"experiment": "phone-base64", "treatment": "no-encode", "value": 989}
{"experiment": "phone-base64", "treatment": "no-encode", "value": 617}
{"experiment": "phone-base64", "treatment": "no-encode", "value": 204}
{"experiment": "phone-base64", "treatment": "no-encode", "value": 314}
{"experiment": "phone-base64", "treatment": "no-encode", "value": 828}
{"experiment": "phone-base64", "treatment": "no-encode", "value": 938}
{"experiment": "phone-base64", "treatment": "no-encode", "value": 198}
{"experiment": "phone-base64", "treatment": "no-encode", "value": 237}
{"experiment": "phone-base64", "treatment": "no-encode", "value": 914}
{"experiment": "phone-base64", "treatment": "no-encode", "value": 585}
{"experiment": "phone-base64", "treatment": "no-encode", "value": 615}
{"experiment": "phone-base64", "treatment": "no-encode", "value": 786}
{"experiment": "phone-base64", "treatment": "no-encode", "value": 619}
{"experiment": "phone-base64", "treatment": "no-encode", "value": 115}
{"experiment": "phone-base64", "treatment": "no-encode", "value": 369}
{"experiment": "phone-base64", "treatment": "no-encode", "value": 121}
{"experiment": "phone-base64", "treatment": "no-encode", "value": 810}
{"experiment": "phone-base64", "treatment": "no-encode", "value": 404}
{"experiment": "phone-base64", "treatment": "no-encode", "value": 872}
{"experiment": "phone-base64", "treatment": "no-encode", "value": 307}
{"experiment": "phone-base64", "treatment": "no-encode", "value": 313}
{"experiment": "phone-base64", "treatment": "no-encode", "value": 586}
{"experiment": "phone-base64", "treatment": "no-encode", "value": 439}
{"experiment": "phone-base64", "treatment": "no-encode", "value": 723}
{"experiment": "phone-base64", "treatment": "no-encode", "value": 252}
{"experiment": "phone-base64", "treatment": "no-encode", "value": 329}
{"experiment": "phone-base64", "treatment": "no-encode", "value": 479}
{"experiment": "phone-base64", "treatment": "no-encode", "value": 431}
{"experiment": "phone-base64", "treatment": "no-encode", "value": 458}
{"experiment": "phone-base64", "treatment": "no-encode", "value": 778}
{"experiment": "phone-base64", "treatment": "no-encode", "value": 195}
{"experiment": "phone-base64", "treatment": "no-encode", "value": 151}
{"experiment": "phone-base64", "treatment": "no-encode", "value": 779}
{"experiment": "phone-base64", "treatment": "no-encode", "value": 764}
{"experiment": "phone-base64", "treatment": "no-encode", "value": 250}
{"experiment": "phone-base64", "treatment": "no-encode", "value": 896}
{"experiment": "phone-base64", "treatment": "no-encode", "value": 585}
{"experiment": "phone-base64", "treatment": "no-encode", "value": 900}
{"experiment": "phone-base64", "treatment": "no-encode", "value": 516}
{"experiment": "phone-base64", "treatment": "no-encode", "value": 575}
{"experiment": "phone-base64", "treatment": "no-encode", "value": 218}
{"experiment": "phone-base64", "treatment": "no-encode", "value": 263}
{"experiment": "phone-base64", "treatment": "no-encode", "value": 215}
{"experiment": "phone-base64", "treatment": "no-encode", "value": 677}
{"experiment": "phone-base64", "treatment": "no-encode", "value": 640}
{"experiment": "phone-base64", "treatment": "no-encode", "value": 647}
{"experiment": "phone-base64", "treatment": "no-encode", "value": 614}
{"experiment": "phone-base64", "treatment": "no-encode", "value": 635}
{"experiment": "phone-base64", "treatment": "no-encode", "value": 418}
{"experiment": "phone-base64", "treatment": "no-encode", "value": 789}
{"experiment": "phone-base64", "treatment": "no-encode", "value": 525}
{"experiment": "phone-base64", "treatment": "no-encode", "value": 8}
{"experiment": "phone-base64", "treatment": "no-encode", "value": 527}
{"experiment": "phone-base64", "treatment": "no-encode", "value": 735}
{"experiment": "phone-base64", "treatment": "no-encode", "value": 978}
{"experiment": "phone-base64", "treatment": "no-encode", "value": 642}
{"experiment": "phone-base64", "treatment": "no-encode", "value": 618}
{"experiment": "phone-base64", "treatment": "no-encode", "value": 524}
{"experiment": "phone-base64", "treatment": "no-encode", "value": 238}
{"experiment": "phone-base64", "treatment": "no-encode", "value": 740}
{"experiment": "phone-base64", "treatment": "no-encode", "value": 259}
{"experiment": "phone-base64", "treatment": "no-encode", "value": 123}
{"experiment": "phone-base64", "treatment": "no-encode", "value": 631}
{"experiment": "phone-base64", "treatment": "no-encode", "value": 981}
{"experiment": "phone-base64", "treatment": "no-encode", "value": 515}
{"experiment": "phone-base64", "treatment": "no-encode", "value": 108}
{"experiment": "phone-base64", "treatment": "no-encode", "value": 282}
{"experiment": "phone-base64", "treatment": "no-encode", "value": 803}
{"experiment": "phone-base64", "treatment": "no-encode", "value": 590}
{"experiment": "phone-base64", "treatment": "no-encode", "value": 396}
{"experiment": "phone-base64", "treatment": "no-encode", "value": 167}
{"experiment": "phone-base64", "treatment": "no-encode", "value": 295}
{"experiment": "phone-base64", "treatment": "no-encode", "value": 113}
{"experiment": "phone-base64", "treatment": "no-encode", "value": 868}
{"experiment": "phone-base64", "treatment": "no-encode", "value": 615}
{"experiment": "phone-base64", "treatment": "no-encode", "value": 446}
{"experiment": "phone-base64", "treatment": "no-encode", "value": 555}
{"experiment": "phone-base64", "treatment": "no-encode", "value": 547}
{"experiment": "phone-base64", "treatment": "no-encode", "value": 366}
{"experiment": "phone-base64", "treatment": "no-encode", "value": 404}
{"experiment": "phone-base64", "treatment": "no-encode", "value": 185}
{"experiment": "phone-base64", "treatment": "no-encode", "value": 593}
{"experiment": "phone-base64", "treatment": "no-encode", "value": 894}
{"experiment": "phone-base64", "treatment": "no-encode", "value": 439}
{"experiment": "phone-base64", "treatment": "no-encode", "value": 500}
{"experiment": "phone-base64", "treatment": "no-encode", "value": 479}
{"experiment": "phone-base64", "treatment": "no-encode", "value": 922}
{"experiment": "phone-base64", "treatment": "no-encode", "value": 50}
{"experiment": "phone-base64", "treatment": "no-encode", "value": 20}
{"experiment": "phone-base64", "treatment": "no-encode", "value": 78}
{"experiment": "phone-base64", "treatment": "no-encode", "value": 309}
{"experiment": "phone-base64", "treatment": "no-encode", "value": 782}
{"experiment": "phone-base64", "treatment": "no-encode", "value": 930}
{"experiment": "phone-base64", "treatment": "no-encode", "value": 554}
{"experiment": "phone-base64", "treatment": "no-encode", "value": 92}
{"experiment": "phone-base64", "treatment": "no-encode", "value": 927}
{"experiment": "phone-base64", "treatment": "no-encode", "value": 493}
{"experiment": "phone-base64", "treatment": "no-encode", "value": 827}
{"experiment": "phone-base64", "treatment": "no-encode", "value": 983}
{"experiment": "phone-base64", "treatment": "no-encode", "value": 898}
{"experiment": "phone-base64", "treatment": "no-encode", "value": 56}
{"experiment": "phone-base64", "treatment": "no-encode", "value": 201}
{"experiment": "phone-base64", "treatment": "no-encode", "value": 302}
{"experiment": "phone-base64", "treatment": "no-encode", "value": 995}
{"experiment": "phone-base64", "treatment": "no-encode", "value": 43}
{"experiment": "phone-base64", "treatment": "no-encode", "value": 227}
{"experiment": "phone-base64", "treatment": "no-encode", "value": 738}
{"experiment": "phone-base64", "treatment": "no-encode", "value": 414}
{"experiment": "phone-base64", "treatment": "no-encode", "value": 682}
{"experiment": "phone-base64", "treatment": "no-encode", "value": 5}
{"experiment": "phone-base64", "treatment": "no-encode", "value": 936}
{"experiment": "phone-base64", "treatment": "no-encode", "value": 743}
{"experiment": "phone-base64", "treatment": "no-encode", "value": 380}
{"experiment": "phone-base64", "treatment": "no-encode", "value": 813}
{"experiment": "phone-base64", "treatment": "no-encode", "value": 915}
{"experiment": "phone-base64", "treatment": "no-encode", "value": 931}
{"experiment": "phone-base64", "treatment": "no-encode", "value": 813}
{"experiment": "phone-base64", "treatment": "no-encode", "value": 562}
{"experiment": "phone-base64", "treatment": "no-encode", "value": 287}
{"experiment": "phone-base64", "treatment": "no-encode", "value": 5}
{"experiment": "phone-base64", "treatment": "no-encode", "value": 758}
{"experiment": "phone-base64", "treatment": "no-encode", "value": 781}
{"experiment": "phone-base64", "treatment": "no-encode", "value": 743}
{"experiment": "phone-base64", "treatment": "no-encode", "value": 296}
{"experiment": "phone-base64", "treatment": "no-encode", "value": 559}
{"experiment": "phone-base64", "treatment": "no-encode", "value": 602}
{"experiment": "phone-base64", "treatment": "no-encode", "value": 18}
{"experiment": "phone-base64", "treatment": "no-encode", "value": 546}
{"experiment": "phone-base64", "treatment": "no-encode", "value": 638}
{"experiment": "phone-base64", "treatment": "no-encode", "value": 149}
{"experiment": "phone-base64", "treatment": "no-encode", "value": 515}
{"experiment": "phone-base64", "treatment": "no-encode", "value": 612}
{"experiment": "tablet-base64", "treatment": "no-encode", "value": 806}
{"experiment": "tablet-base64", "treatment": "no-encode", "value": 1214}
{"experiment": "tablet-base64", "treatment": "no-encode", "value": 4697}
{"experiment": "tablet-base64", "treatment": "no-encode", "value": 3035}
{"experiment": "tablet-base64", "treatment": "no-encode", "value": 3390}
{"experiment": "tablet-base64", "treatment": "no-encode", "value": 2530}
{"experiment": "tablet-base64", "treatment": "no-encode", "value": 1383}
{"experiment": "tablet-base64", "treatment": "no-encode", "value": 4075}
{"experiment": "tablet-base64", "treatment": "no-encode", "value": 4386}
{"experiment": "tablet-base64", "treatment": "no-encode", "value": 1359}
{"experiment": "tablet-base64", "treatment": "no-encode", "value": 4764}
{"experiment": "tablet-base64", "treatment": "no-encode", "value": 427}
{"experiment": "tablet-base64", "treatment": "no-encode", "value": 2454}
{"experiment": "tablet-base64", "treatment": "no-encode", "value": 3809}
{"experiment": "tablet-base64", "treatment": "no-encode", "value": 315}
{"experiment": "tablet-base64", "treatment": "no-encode", "value": 1923}
{"experiment": "tablet-base64", "treatment": "no-encode", "value": 586}
{"experiment": "tablet-base64", "treatment": "no-encode", "value": 748}
{"experiment": "tablet-base64", "treatment": "no-encode", "value": 4092}
{"experiment": "tablet-base64", "treatment": "no-encode", "value": 1490}
{"experiment": "tablet-base64", "treatment": "no-encode", "value": 3386}
{"experiment": "tablet-base64", "treatment": "no-encode", "value": 924}
{"experiment": "tablet-base64", "treatment": "no-encode", "value": 624}
{"experiment": "tablet-base64", "treatment": "no-encode", "value": 797}
{"experiment": "tablet-base64", "treatment": "no-encode", "value": 244}
{"experiment": "tablet-base64", "treatment": "no-encode", "value": 1292}
{"experiment": "tablet-base64", "treatment": "no-encode", "value": 4474}
{"experiment": "tablet-base64", "treatment": "no-encode", "value": 2219}
{"experiment": "tablet-base64", "treatment": "no-encode", "value": 1475}
{"experiment": "tablet-base64", "treatment": "no-encode", "value": 2895}
{"experiment": "tablet-base64", "treatment": "no-encode", "value": 1840}
{"experiment": "tablet-base64", "treatment": "no-encode", "value": 239}
{"experiment": "tablet-base64", "treatment": "no-encode", "value": 261}
{"experiment": "tablet-base64", "treatment": "no-encode", "value": 2947}
{"experiment": "tablet-base64", "treatment": "no-encode", "value": 4270}
{"experiment": "tablet-base64", "treatment": "no-encode", "value": 2177}
{"experiment": "tablet-base64", "treatment": "no-encode", "value": 1156}
{"experiment": "tablet-base64", "treatment": "no-encode", "value": 1438}
{"experiment": "tablet-base64", "treatment": "no-encode", "value": 1060}
{"experiment": "tablet-base64", "treatment": "no-encode", "value": 1147}
{"experiment": "tablet-base64", "treatment": "no-encode", "value": 1087}
{"experiment": "tablet-base64", "treatment": "no-encode", "value": 1571}
{"experiment": "tablet-base64", "treatment": "no-encode", "value": 385}
{"experiment": "tablet-base64", "treatment": "no-encode", "value": 2937}
{"experiment": "tablet-base64", "treatment": "no-encode", "value": 1822}
{"experiment": "tablet-base64", "treatment": "no-encode", "value": 3850}
{"experiment": "tablet-base64", "treatment": "no-encode", "value": 4925}
{"experiment": "tablet-base64", "treatment": "no-encode", "value": 4455}
{"experiment": "tablet-base64", "treatment": "no-encode", "value": 4294}
{"experiment": "tablet-base64", "treatment": "no-encode", "value": 1711}
{"experiment": "tablet-base64", "treatment": "no-encode", "value": 1366}
{"experiment": "tablet-base64", "treatment": "no-encode", "value": 4510}
{"experiment": "tablet-base64", "treatment": "no-encode", "value": 2811}
{"experiment": "tablet-base64", "treatment": "no-encode", "value": 875}
{"experiment": "tablet-base64", "treatment": "no-encode", "value": 951}
{"experiment": "tablet-base64", "treatment": "no-encode", "value": 535}
{"experiment": "tablet-base64", "treatment": "no-encode", "value": 4299}
{"experiment": "tablet-base64", "treatment": "no-encode", "value": 4591}
{"experiment": "tablet-base64", "treatment": "no-encode", "value": 4174}
{"experiment": "tablet-base64", "treatment": "no-encode", "value": 925}
{"experiment": "tablet-base64", "treatment": "no-encode", "value": 1265}
{"experiment": "tablet-base64", "treatment": "no-encode", "value": 3214}
{"experiment": "tablet-base64", "treatment": "no-encode", "value": 755}
{"experiment": "tablet-base64", "treatment": "no-encode", "value": 2473}
{"experiment": "tablet-base64", "treatment": "no-encode", "value": 1589}
{"experiment": "tablet-base64", "treatment": "no-encode", "value": 1250}
{"experiment": "tablet-base64", "treatment": "no-encode", "value": 4283}
{"experiment": "tablet-base64", "treatment": "no-encode", "value": 249}
{"experiment": "tablet-base64", "treatment": "no-encode", "value": 4015}
{"experiment": "tablet-base64", "treatment": "no-encode", "value": 3523}
{"experiment": "tablet-base64", "treatment": "no-encode", "value": 4739}
{"experiment": "tablet-base64", "treatment": "no-encode", "value": 2257}
{"experiment": "tablet-base64", "treatment": "no-encode", "value": 3735}
{"experiment": "tablet-base64", "treatment": "no-encode", "value": 996}
{"experiment": "tablet-base64", "treatment": "no-encode", "value": 2986}
{"experiment": "tablet-base64", "treatment": "no-encode", "value": 454}
{"experiment": "tablet-base64", "treatment": "no-encode", "value": 823}
{"experiment": "tablet-base64", "treatment": "no-encode", "value": 276}
{"experiment": "tablet-base64", "treatment": "no-encode", "value": 2206}
{"experiment": "tablet-base64", "treatment": "no-encode", "value": 1912}
{"experiment": "tablet-base64", "treatment": "no-encode", "value": 1127}
{"experiment": "tablet-base64", "treatment": "no-encode", "value": 2905}
{"experiment": "tablet-base64", "treatment": "no-encode", "value": 1109}
{"experiment": "tablet-base64", "treatment": "no-encode", "value": 1775}
{"experiment": "tablet-base64", "treatment": "no-encode", "value": 154}
{"experiment": "tablet-base64", "treatment": "no-encode", "value": 1471}
{"experiment": "tablet-base64", "treatment": "no-encode", "value": 3475}
{"experiment": "tablet-base64", "treatment": "no-encode", "value": 4929}
{"experiment": "tablet-base64", "treatment": "no-encode", "value": 3269}
{"experiment": "tablet-base64", "treatment": "no-encode", "value": 1996}
{"experiment": "tablet-base64", "treatment": "no-encode", "value": 443}
{"experiment": "tablet-base64", "treatment": "no-encode", "value": 1528}
{"experiment": "tablet-base64", "treatment": "no-encode", "value": 1881}
{"experiment": "tablet-base64", "treatment": "no-encode", "value": 4231}
{"experiment": "tablet-base64", "treatment": "no-encode", "value": 4914}
{"experiment": "tablet-base64", "treatment": "no-encode", "value": 1415}
{"experiment": "tablet-base64", "treatment": "no-encode", "value": 1971}
{"experiment": "tablet-base64", "treatment": "no-encode", "value": 2888}
{"experiment": "tablet-base64", "treatment": "no-encode", "value": 528}
{"experiment": "tablet-base64", "treatment": "no-encode", "value": 741}
{"experiment": "tablet-base64", "treatment": "no-encode", "value": 3044}
{"experiment": "tablet-base64", "treatment": "no-encode", "value": 4086}
{"experiment": "tablet-base64", "treatment": "no-encode", "value": 3259}
{"experiment": "tablet-base64", "treatment": "no-encode", "value": 63}
{"experiment": "tablet-base64", "treatment": "no-encode", "value": 3158}
{"experiment": "tablet-base64", "treatment": "no-encode", "value": 1954}
{"experiment": "tablet-base64", "treatment": "no-encode", "value": 358}
{"experiment": "tablet-base64", "treatment": "no-encode", "value": 1287}
{"experiment": "tablet-base64", "treatment": "no-encode", "value": 375}
{"experiment": "tablet-base64", "treatment": "no-encode", "value": 3667}
{"experiment": "tablet-base64", "treatment": "no-encode", "value": 4150}
{"experiment": "tablet-base64", "treatment": "no-encode", "value": 2580}
{"experiment": "tablet-base64", "treatment": "no-encode", "value": 2036}
{"experiment": "tablet-base64", "treatment": "no-encode", "value": 2273}
{"experiment": "tablet-base64", "treatment": "no-encode", "value": 2243}
{"experiment": "tablet-base64", "treatment": "no-encode", "value": 3756}
{"experiment": "tablet-base64", "treatment": "no-encode", "value": 562}
{"experiment": "tablet-base64", "treatment": "no-encode", "value": 1450}
{"experiment": "tablet-base64", "treatment": "no-encode", "value": 4245}
{"experiment": "tablet-base64", "treatment": "no-encode", "value": 4554}
{"experiment": "tablet-base64", "treatment": "no-encode", "value": 4354}
{"experiment": "tablet-base64", "treatment": "no-encode", "value": 4241}
{"experiment": "tablet-base64", "treatment": "no-encode", "value": 2038}
{"experiment": "tablet-base64", "treatment": "no-encode", "value": 4937}
{"experiment": "tablet-base64", "treatment": "no-encode", "value": 2897}
{"experiment": "tablet-base64", "treatment": "no-encode", "value": 1263}
{"experiment": "tablet-base64", "treatment": "no-encode", "value": 3144}
{"experiment": "tablet-base64", "treatment": "no-encode", "value": 3949}
{"experiment": "tablet-base64", "treatment": "no-encode", "value": 78}
{"experiment": "tablet-base64", "treatment": "no-encode", "value": 396}
{"experiment": "tablet-base64", "treatment": "no-encode", "value": 4691}
{"experiment": "tablet-base64", "treatment": "no-encode", "value": 1389}
{"experiment": "tablet-base64", "treatment": "no-encode", "value": 767}
{"experiment": "tablet-base64", "treatment": "no-encode", "value": 536}
{"experiment": "tablet-base64", "treatment": "no-encode", "value": 2724}
{"experiment": "tablet-base64", "treatment": "no-encode", "value": 1836}
{"experiment": "tablet-base64", "treatment": "no-encode", "value": 2966}
{"experiment": "tablet-base64", "treatment": "no-encode", "value": 2750}
{"experiment": "tablet-base64", "treatment": "no-encode", "value": 1040}
{"experiment": "tablet-base64", "treatment": "no-encode", "value": 3933}
{"experiment": "tablet-base64", "treatment": "no-encode", "value": 2189}
{"experiment": "tablet-base64", "treatment": "no-encode", "value": 4324}
{"experiment": "tablet-base64", "treatment": "no-encode", "value": 4793}
{"experiment": "tablet-base64", "treatment": "no-encode", "value": 3014}
{"experiment": "tablet-base64", "treatment": "no-encode", "value": 5}
{"experiment": "tablet-base64", "treatment": "no-encode", "value": 2818}
{"experiment": "tablet-base64", "treatment": "no-encode", "value": 3503}
{"experiment": "tablet-base64", "treatment": "no-encode", "value": 2792}
